# JRE version: Java(TM) SE Runtime Environment (8.0_144-b01) (build 1.8.0_144-b01)
# Java VM: Java HotSpot(TM) 64-Bit Server VM (25.144-b01 mixed mode windows-amd64 compressed oops)
Heap:
 PSYoungGen      total 308736K, used 129853K [0x00000000ebc00000, 0x00000000ffc80000, 0x0000000100000000)
  eden space 290304K, 44% used [0x00000000ebc00000,0x00000000f3acf670,0x00000000fd780000)
  from space 18432K, 0% used [0x00000000fea80000,0x00000000fea80000,0x00000000ffc80000)
  to   space 18944K, 0% used [0x00000000fd780000,0x00000000fd780000,0x00000000fea00000)
 ParOldGen       total 72704K, used 42067K [0x00000000c3400000, 0x00000000c7b00000, 0x00000000ebc00000)
  object space 72704K, 57% used [0x00000000c3400000,0x00000000c5d14fc0,0x00000000c7b00000)
 Metaspace       used 70627K, capacity 73160K, committed 73560K, reserved 1114112K
  class space    used 9220K, capacity 9666K, committed 9816K, reserved 1048576K
GC Heap History (10 events):
Event: 58.521 GC heap before
{Heap before GC invocations=18 (full 3):
 PSYoungGen      total 275968K, used 259072K [0x00000000ebc00000, 0x00000000fdc00000, 0x0000000100000000)
  eden space 259072K, 100% used [0x00000000ebc00000,0x00000000fb900000,0x00000000fb900000)
  from space 16896K, 0% used [0x00000000fcb80000,0x00000000fcb80000,0x00000000fdc00000)
  to   space 17920K, 0% used [0x00000000fb900000,0x00000000fb900000,0x00000000fca80000)
 ParOldGen       total 72704K, used 31092K [0x00000000c3400000, 0x00000000c7b00000, 0x00000000ebc00000)
  object space 72704K, 42% used [0x00000000c3400000,0x00000000c525d3c8,0x00000000c7b00000)
 Metaspace       used 60712K, capacity 62406K, committed 62680K, reserved 1103872K
  class space    used 8076K, capacity 8390K, committed 8408K, reserved 1048576K
Event: 58.550 GC heap after
Heap after GC invocations=18 (full 3):
 PSYoungGen      total 276992K, used 17914K [0x00000000ebc00000, 0x0000000100000000, 0x0000000100000000)
  eden space 259072K, 0% used [0x00000000ebc00000,0x00000000ebc00000,0x00000000fb900000)
  from space 17920K, 99% used [0x00000000fb900000,0x00000000fca7e898,0x00000000fca80000)
  to   space 20992K, 0% used [0x00000000feb80000,0x00000000feb80000,0x0000000100000000)
 ParOldGen       total 72704K, used 31369K [0x00000000c3400000, 0x00000000c7b00000, 0x00000000ebc00000)
  object space 72704K, 43% used [0x00000000c3400000,0x00000000c52a2620,0x00000000c7b00000)
 Metaspace       used 60712K, capacity 62406K, committed 62680K, reserved 1103872K
  class space    used 8076K, capacity 8390K, committed 8408K, reserved 1048576K
}
Event: 80.345 GC heap before
{Heap before GC invocations=19 (full 3):
 PSYoungGen      total 276992K, used 276986K [0x00000000ebc00000, 0x0000000100000000, 0x0000000100000000)
  eden space 259072K, 100% used [0x00000000ebc00000,0x00000000fb900000,0x00000000fb900000)
  from space 17920K, 99% used [0x00000000fb900000,0x00000000fca7e898,0x00000000fca80000)
  to   space 20992K, 0% used [0x00000000feb80000,0x00000000feb80000,0x0000000100000000)
 ParOldGen       total 72704K, used 31369K [0x00000000c3400000, 0x00000000c7b00000, 0x00000000ebc00000)
  object space 72704K, 43% used [0x00000000c3400000,0x00000000c52a2620,0x00000000c7b00000)
 Metaspace       used 64925K, capacity 67126K, committed 67416K, reserved 1107968K
  class space    used 8515K, capacity 8926K, committed 9048K, reserved 1048576K
Event: 80.415 GC heap after
Heap after GC invocations=19 (full 3):
 PSYoungGen      total 311296K, used 9842K [0x00000000ebc00000, 0x0000000100000000, 0x0000000100000000)
  eden space 290304K, 0% used [0x00000000ebc00000,0x00000000ebc00000,0x00000000fd780000)
  from space 20992K, 46% used [0x00000000feb80000,0x00000000ff51ca80,0x0000000100000000)
  to   space 20480K, 0% used [0x00000000fd780000,0x00000000fd780000,0x00000000feb80000)
 ParOldGen       total 72704K, used 46086K [0x00000000c3400000, 0x00000000c7b00000, 0x00000000ebc00000)
  object space 72704K, 63% used [0x00000000c3400000,0x00000000c6101ab0,0x00000000c7b00000)
 Metaspace       used 64925K, capacity 67126K, committed 67416K, reserved 1107968K
  class space    used 8515K, capacity 8926K, committed 9048K, reserved 1048576K
}
Event: 405.404 GC heap before
{Heap before GC invocations=20 (full 3):
 PSYoungGen      total 311296K, used 300146K [0x00000000ebc00000, 0x0000000100000000, 0x0000000100000000)
  eden space 290304K, 100% used [0x00000000ebc00000,0x00000000fd780000,0x00000000fd780000)
  from space 20992K, 46% used [0x00000000feb80000,0x00000000ff51ca80,0x0000000100000000)
  to   space 20480K, 0% used [0x00000000fd780000,0x00000000fd780000,0x00000000feb80000)
 ParOldGen       total 72704K, used 46086K [0x00000000c3400000, 0x00000000c7b00000, 0x00000000ebc00000)
  object space 72704K, 63% used [0x00000000c3400000,0x00000000c6101ab0,0x00000000c7b00000)
 Metaspace       used 69802K, capacity 72306K, committed 72664K, reserved 1112064K
  class space    used 9151K, capacity 9616K, committed 9688K, reserved 1048576K
Event: 405.713 GC heap after
Heap after GC invocations=20 (full 3):
 PSYoungGen      total 298496K, used 8053K [0x00000000ebc00000, 0x00000000ffd80000, 0x0000000100000000)
  eden space 290304K, 0% used [0x00000000ebc00000,0x00000000ebc00000,0x00000000fd780000)
  from space 8192K, 98% used [0x00000000fd780000,0x00000000fdf5d448,0x00000000fdf80000)
  to   space 19456K, 0% used [0x00000000fea80000,0x00000000fea80000,0x00000000ffd80000)
 ParOldGen       total 72704K, used 52894K [0x00000000c3400000, 0x00000000c7b00000, 0x00000000ebc00000)
  object space 72704K, 72% used [0x00000000c3400000,0x00000000c67a7b60,0x00000000c7b00000)
 Metaspace       used 69802K, capacity 72306K, committed 72664K, reserved 1112064K
  class space    used 9151K, capacity 9616K, committed 9688K, reserved 1048576K
}
Event: 418.280 GC heap before
{Heap before GC invocations=21 (full 3):
 PSYoungGen      total 298496K, used 38438K [0x00000000ebc00000, 0x00000000ffd80000, 0x0000000100000000)
  eden space 290304K, 10% used [0x00000000ebc00000,0x00000000ed9ac628,0x00000000fd780000)
  from space 8192K, 98% used [0x00000000fd780000,0x00000000fdf5d448,0x00000000fdf80000)
  to   space 19456K, 0% used [0x00000000fea80000,0x00000000fea80000,0x00000000ffd80000)
 ParOldGen       total 72704K, used 52894K [0x00000000c3400000, 0x00000000c7b00000, 0x00000000ebc00000)
  object space 72704K, 72% used [0x00000000c3400000,0x00000000c67a7b60,0x00000000c7b00000)
 Metaspace       used 69903K, capacity 72476K, committed 72664K, reserved 1112064K
  class space    used 9165K, capacity 9624K, committed 9688K, reserved 1048576K
Event: 418.291 GC heap after
Heap after GC invocations=21 (full 3):
 PSYoungGen      total 308736K, used 4224K [0x00000000ebc00000, 0x00000000ffc80000, 0x0000000100000000)
  eden space 290304K, 0% used [0x00000000ebc00000,0x00000000ebc00000,0x00000000fd780000)
  from space 18432K, 22% used [0x00000000fea80000,0x00000000feea0030,0x00000000ffc80000)
  to   space 18944K, 0% used [0x00000000fd780000,0x00000000fd780000,0x00000000fea00000)
 ParOldGen       total 72704K, used 52902K [0x00000000c3400000, 0x00000000c7b00000, 0x00000000ebc00000)
  object space 72704K, 72% used [0x00000000c3400000,0x00000000c67a9b60,0x00000000c7b00000)
 Metaspace       used 69903K, capacity 72476K, committed 72664K, reserved 1112064K
  class space    used 9165K, capacity 9624K, committed 9688K, reserved 1048576K
}
Event: 418.359 GC heap before
{Heap before GC invocations=22 (full 4):
 PSYoungGen      total 308736K, used 4224K [0x00000000ebc00000, 0x00000000ffc80000, 0x0000000100000000)
  eden space 290304K, 0% used [0x00000000ebc00000,0x00000000ebc00000,0x00000000fd780000)
  from space 18432K, 22% used [0x00000000fea80000,0x00000000feea0030,0x00000000ffc80000)
  to   space 18944K, 0% used [0x00000000fd780000,0x00000000fd780000,0x00000000fea00000)
 ParOldGen       total 72704K, used 52902K [0x00000000c3400000, 0x00000000c7b00000, 0x00000000ebc00000)
  object space 72704K, 72% used [0x00000000c3400000,0x00000000c67a9b60,0x00000000c7b00000)
 Metaspace       used 69903K, capacity 72476K, committed 72664K, reserved 1112064K
  class space    used 9165K, capacity 9624K, committed 9688K, reserved 1048576K
Event: 419.427 GC heap after
Heap after GC invocations=22 (full 4):
 PSYoungGen      total 308736K, used 0K [0x00000000ebc00000, 0x00000000ffc80000, 0x0000000100000000)
  eden space 290304K, 0% used [0x00000000ebc00000,0x00000000ebc00000,0x00000000fd780000)
  from space 18432K, 0% used [0x00000000fea80000,0x00000000fea80000,0x00000000ffc80000)
  to   space 18944K, 0% used [0x00000000fd780000,0x00000000fd780000,0x00000000fea00000)
 ParOldGen       total 72704K, used 42067K [0x00000000c3400000, 0x00000000c7b00000, 0x00000000ebc00000)
  object space 72704K, 57% used [0x00000000c3400000,0x00000000c5d14fc0,0x00000000c7b00000)
 Metaspace       used 69757K, capacity 72242K, committed 72664K, reserved 1112064K
  class space    used 9143K, capacity 9585K, committed 9688K, reserved 1048576K
}

